<?xml version="1.0" encoding="UTF-8"?>
<!-- Generated by org.testng.reporters.JUnitReportReporter -->
<testsuite hostname="LAPTOP-0H6UJT3F" failures="0" tests="1" name="testpkg.SaucedemoTest" time="20.623" errors="0" timestamp="2024-04-28T23:01:25 IST" skipped="0">
  <testcase classname="testpkg.SaucedemoTest" name="saucedemoTest" time="20.623"/>
</testsuite> <!-- testpkg.SaucedemoTest -->
